1000 37 25000 5.0 50 50
0 25
1 33
2 21
3 20
4 23
5 10
6 2
7 18
8 29
9 34
10 19
11 15
12 6
13 31
14 8
15 28
16 4
17 1
18 14
19 17
20 27
21 32
22 26
23 24
24 9
25 3
26 22
27 5
28 13
29 16
30 30
31 21
32 33
33 35
34 25
35 34
36 20
37 19
38 29
39 10
40 12
41 11
42 15
43 23
44 8
45 14
46 7
47 31
48 2
49 1
50 17
51 28
52 9
53 18
54 6
55 13
56 24
57 21
58 16
59 33
60 5
61 4
62 30
63 3
64 22
65 10
66 27
67 32
68 12
69 25
70 26
71 14
72 8
73 15
74 2
75 7
76 1
77 29
78 20
79 9
80 6
81 18
82 17
83 23
84 28
85 21
86 11
87 31
88 19
89 13
90 33
91 4
92 22
93 16
94 12
95 5
96 26
97 10
98 30
99 15
100 24
101 36
102 7
103 1
104 27
105 34
106 2
107 18
108 3
109 20
110 8
111 9
112 25
113 17
114 23
115 28
116 13
117 11
118 29
119 14
120 12
121 16
122 19
123 5
124 35
125 32
126 24
127 30
128 7
129 21
130 10
131 22
132 6
133 4
134 36
135 18
136 27
137 9
138 3
139 33
140 31
141 1
142 13
143 15
144 11
145 8
146 26
147 16
148 29
149 14
150 20
151 19
152 17
153 5
154 12
155 32
156 34
157 2
158 25
159 7
160 4
161 10
162 28
163 6
164 23
165 21
166 24
167 33
168 22
169 9
170 13
171 11
172 18
173 3
174 29
175 15
176 30
177 20
178 14
179 5
180 16
181 32
182 31
183 8
184 27
185 26
186 17
187 1
188 2
189 19
190 10
191 4
192 23
193 7
194 28
195 9
196 13
197 12
198 18
199 22
200 3
201 15
202 34
203 25
204 30
205 29
206 6
207 16
208 21
209 14
210 11
211 24
212 20
213 27
214 26
215 33
216 10
217 4
218 19
219 1
220 5
221 31
222 13
223 9
224 12
225 8
226 35
227 15
228 18
229 22
230 23
231 3
232 25
233 16
234 17
235 29
236 6
237 32
238 2
239 27
240 20
241 7
242 28
243 26
244 19
245 11
246 1
247 33
248 14
249 10
250 9
251 30
252 21
253 8
254 5
255 12
256 13
257 4
258 3
259 31
260 35
261 24
262 15
263 18
264 16
265 37
266 22
267 32
268 27
269 23
270 29
271 11
272 20
273 2
274 36
275 1
276 9
277 25
278 14
279 28
280 17
281 5
282 10
283 21
284 6
285 34
286 26
287 33
288 7
289 35
290 31
291 8
292 18
293 4
294 19
295 27
296 13
297 24
298 11
299 20
300 30
301 12
302 22
303 25
304 14
305 3
306 2
307 29
308 15
309 10
310 5
311 6
312 28
313 34
314 16
315 7
316 1
317 23
318 9
319 18
320 33
321 19
322 27
323 24
324 13
325 11
326 21
327 32
328 30
329 25
330 14
331 31
332 17
333 35
334 20
335 8
336 26
337 4
338 29
339 6
340 5
341 16
342 22
343 23
344 9
345 15
346 1
347 3
348 12
349 10
350 28
351 24
352 33
353 19
354 27
355 2
356 21
357 7
358 30
359 14
360 17
361 35
362 25
363 11
364 8
365 6
366 5
367 31
368 34
369 4
370 32
371 9
372 13
373 18
374 29
375 12
376 1
377 20
378 3
379 26
380 10
381 23
382 21
383 16
384 33
385 36
386 15
387 14
388 19
389 30
390 35
391 7
392 25
393 22
394 27
395 6
396 17
397 2
398 24
399 28
400 11
401 32
402 29
403 20
404 1
405 13
406 12
407 34
408 4
409 3
410 18
411 23
412 5
413 15
414 16
415 8
416 35
417 21
418 14
419 10
420 9
421 19
422 26
423 7
424 33
425 31
426 2
427 32
428 22
429 11
430 20
431 17
432 6
433 1
434 29
435 25
436 24
437 34
438 27
439 28
440 30
441 18
442 23
443 4
444 3
445 12
446 21
447 5
448 8
449 15
450 9
451 26
452 13
453 19
454 14
455 22
456 2
457 17
458 16
459 1
460 31
461 7
462 11
463 25
464 27
465 28
466 6
467 29
468 23
469 4
470 10
471 3
472 12
473 20
474 21
475 15
476 24
477 32
478 13
479 33
480 18
481 19
482 9
483 22
484 2
485 17
486 8
487 30
488 36
489 5
490 14
491 7
492 6
493 26
494 16
495 11
496 1
497 34
498 10
499 31
500 4
501 25
502 28
503 12
504 35
505 15
506 21
507 18
508 13
509 23
510 29
511 2
512 17
513 33
514 3
515 32
516 27
517 36
518 14
519 24
520 26
521 20
522 19
523 9
524 1
525 31
526 8
527 11
528 10
529 22
530 16
531 34
532 28
533 25
534 30
535 5
536 6
537 18
538 2
539 4
540 23
541 3
542 7
543 21
544 35
545 12
546 13
547 32
548 19
549 27
550 9
551 17
552 24
553 29
554 15
555 14
556 31
557 1
558 20
559 22
560 34
561 33
562 8
563 18
564 28
565 4
566 23
567 30
568 36
569 26
570 16
571 3
572 10
573 25
574 19
575 11
576 5
577 9
578 2
579 29
580 6
581 32
582 35
583 1
584 21
585 7
586 31
587 13
588 27
589 33
590 12
591 18
592 17
593 28
594 22
595 20
596 24
597 8
598 4
599 26
600 19
601 15
602 14
603 16
604 10
605 5
606 36
607 25
608 23
609 1
610 32
611 2
612 11
613 3
614 21
615 34
616 29
617 13
618 17
619 12
620 18
621 9
622 6
623 20
624 7
625 31
626 33
627 30
628 4
629 16
630 8
631 26
632 15
633 27
634 5
635 10
636 32
637 28
638 19
639 14
640 1
641 22
642 11
643 13
644 23
645 24
646 2
647 18
648 21
649 3
650 20
651 29
652 7
653 25
654 12
655 30
656 17
657 6
658 15
659 16
660 4
661 31
662 9
663 10
664 5
665 36
666 35
667 22
668 34
669 13
670 37
671 1
672 23
673 33
674 26
675 2
676 19
677 27
678 32
679 25
680 8
681 7
682 14
683 3
684 29
685 11
686 17
687 6
688 18
689 28
690 24
691 4
692 9
693 31
694 5
695 13
696 21
697 34
698 22
699 10
700 1
701 2
702 20
703 35
704 15
705 12
706 23
707 7
708 30
709 3
710 19
711 16
712 17
713 29
714 26
715 11
716 14
717 32
718 27
719 6
720 33
721 8
722 5
723 9
724 31
725 28
726 22
727 24
728 18
729 25
730 15
731 4
732 23
733 7
734 2
735 3
736 13
737 34
738 10
739 12
740 21
741 20
742 17
743 29
744 30
745 26
746 16
747 19
748 8
749 1
750 32
751 14
752 22
753 24
754 28
755 27
756 25
757 11
758 4
759 5
760 23
761 15
762 3
763 2
764 9
765 13
766 10
767 18
768 20
769 6
770 33
771 17
772 26
773 30
774 31
775 34
776 29
777 12
778 21
779 32
780 19
781 7
782 14
783 22
784 8
785 27
786 23
787 1
788 11
789 24
790 25
791 5
792 13
793 16
794 18
795 3
796 33
797 20
798 36
799 6
800 10
801 4
802 28
803 15
804 2
805 12
806 21
807 17
808 9
809 26
810 32
811 31
812 23
813 8
814 14
815 7
816 1
817 19
818 11
819 35
820 27
821 16
822 25
823 24
824 29
825 13
826 30
827 22
828 4
829 5
830 10
831 20
832 18
833 28
834 9
835 17
836 21
837 37
838 6
839 3
840 33
841 26
842 32
843 12
844 34
845 14
846 15
847 31
848 2
849 8
850 23
851 19
852 11
853 22
854 4
855 7
856 29
857 20
858 36
859 30
860 28
861 13
862 5
863 17
864 9
865 16
866 27
867 1
868 21
869 6
870 24
871 12
872 25
873 3
874 15
875 35
876 14
877 8
878 23
879 10
880 31
881 32
882 18
883 29
884 4
885 26
886 33
887 19
888 7
889 22
890 17
891 9
892 30
893 11
894 34
895 13
896 24
897 2
898 16
899 12
900 27
901 25
902 1
903 8
904 3
905 15
906 20
907 14
908 5
909 6
910 28
911 18
912 31
913 21
914 19
915 26
916 10
917 17
918 7
919 9
920 29
921 22
922 11
923 13
924 2
925 16
926 4
927 30
928 33
929 25
930 24
931 27
932 20
933 3
934 34
935 23
936 8
937 14
938 37
939 18
940 36
941 6
942 32
943 28
944 7
945 15
946 19
947 21
948 12
949 29
950 1
951 2
952 26
953 22
954 5
955 4
956 33
957 17
958 35
959 31
960 20
961 16
962 10
963 11
964 14
965 23
966 34
967 9
968 30
969 13
970 7
971 28
972 3
973 27
974 25
975 18
976 21
977 2
978 24
979 29
980 8
981 6
982 19
983 15
984 26
985 17
986 31
987 16
988 1
989 5
990 4
991 11
992 14
993 9
994 30
995 13
996 12
997 7
998 22
999 3
