1000 37 25000 5.0 50 50
0 5
1 16
2 6
3 29
4 9
5 22
6 14
7 7
8 30
9 26
10 1
11 21
12 15
13 3
14 4
15 25
16 28
17 12
18 17
19 34
20 2
21 37
22 20
23 36
24 23
25 32
26 19
27 13
28 16
29 35
30 5
31 8
32 11
33 31
34 27
35 10
36 18
37 24
38 15
39 29
40 1
41 21
42 33
43 4
44 30
45 12
46 26
47 7
48 17
49 6
50 14
51 20
52 25
53 22
54 23
55 9
56 32
57 2
58 16
59 28
60 27
61 19
62 3
63 13
64 35
65 5
66 31
67 24
68 8
69 4
70 18
71 21
72 30
73 11
74 12
75 15
76 26
77 10
78 34
79 33
80 17
81 1
82 29
83 32
84 6
85 16
86 7
87 36
88 14
89 3
90 19
91 9
92 25
93 20
94 8
95 4
96 24
97 28
98 35
99 27
100 22
101 12
102 30
103 23
104 34
105 2
106 21
107 18
108 15
109 5
110 26
111 13
112 17
113 31
114 10
115 11
116 7
117 19
118 16
119 25
120 9
121 1
122 14
123 24
124 3
125 28
126 22
127 27
128 6
129 20
130 12
131 4
132 34
133 23
134 18
135 8
136 29
137 2
138 33
139 31
140 10
141 26
142 5
143 7
144 13
145 25
146 21
147 11
148 17
149 9
150 32
151 3
152 24
153 15
154 22
155 19
156 16
157 30
158 6
159 1
160 23
161 18
162 12
163 14
164 4
165 31
166 28
167 10
168 8
169 35
170 27
171 20
172 25
173 29
174 21
175 9
176 17
177 11
178 32
179 24
180 5
181 7
182 2
183 36
184 22
185 19
186 3
187 13
188 26
189 14
190 33
191 18
192 34
193 15
194 10
195 12
196 28
197 6
198 35
199 16
200 1
201 9
202 4
203 30
204 20
205 24
206 29
207 8
208 23
209 31
210 25
211 27
212 2
213 21
214 13
215 5
216 7
217 32
218 17
219 18
220 15
221 22
222 28
223 19
224 12
225 11
226 26
227 9
228 4
229 1
230 6
231 33
232 29
233 20
234 16
235 30
236 25
237 14
238 3
239 10
240 8
241 23
242 13
243 7
244 2
245 35
246 5
247 24
248 18
249 22
250 21
251 27
252 31
253 34
254 32
255 17
256 26
257 4
258 9
259 12
260 11
261 20
262 6
263 1
264 25
265 14
266 19
267 3
268 23
269 15
270 10
271 8
272 16
273 24
274 30
275 2
276 28
277 22
278 33
279 5
280 27
281 13
282 21
283 17
284 7
285 32
286 31
287 9
288 34
289 12
290 25
291 29
292 26
293 19
294 1
295 11
296 18
297 8
298 3
299 15
300 30
301 20
302 6
303 2
304 22
305 16
306 27
307 10
308 4
309 14
310 28
311 7
312 24
313 21
314 31
315 5
316 23
317 9
318 33
319 12
320 1
321 19
322 11
323 18
324 29
325 32
326 17
327 15
328 3
329 25
330 13
331 16
332 22
333 8
334 10
335 26
336 4
337 7
338 24
339 21
340 6
341 34
342 27
343 20
344 28
345 12
346 2
347 35
348 31
349 30
350 9
351 18
352 11
353 19
354 5
355 1
356 23
357 33
358 14
359 16
360 17
361 8
362 4
363 29
364 7
365 10
366 15
367 32
368 3
369 13
370 20
371 26
372 34
373 12
374 27
375 24
376 28
377 31
378 6
379 9
380 5
381 19
382 25
383 11
384 2
385 22
386 35
387 23
388 17
389 29
390 21
391 33
392 30
393 4
394 14
395 13
396 1
397 26
398 18
399 7
400 3
401 16
402 15
403 8
404 10
405 20
406 24
407 9
408 19
409 34
410 28
411 22
412 35
413 2
414 23
415 29
416 31
417 32
418 11
419 25
420 17
421 13
422 1
423 12
424 26
425 18
426 4
427 5
428 27
429 6
430 21
431 10
432 16
433 8
434 19
435 9
436 3
437 22
438 35
439 24
440 34
441 28
442 20
443 14
444 7
445 15
446 36
447 29
448 17
449 12
450 23
451 33
452 32
453 5
454 1
455 13
456 18
457 2
458 11
459 30
460 4
461 8
462 19
463 9
464 27
465 16
466 10
467 6
468 21
469 31
470 25
471 3
472 7
473 26
474 34
475 12
476 14
477 22
478 29
479 24
480 23
481 33
482 28
483 1
484 32
485 13
486 18
487 20
488 30
489 19
490 4
491 15
492 10
493 2
494 16
495 21
496 5
497 17
498 6
499 8
500 11
501 36
502 12
503 31
504 14
505 27
506 22
507 3
508 26
509 7
510 25
511 9
512 18
513 24
514 13
515 1
516 23
517 35
518 19
519 10
520 15
521 28
522 2
523 34
524 32
525 37
526 8
527 4
528 33
529 11
530 20
531 16
532 22
533 29
534 30
535 27
536 6
537 36
538 3
539 12
540 17
541 7
542 14
543 26
544 21
545 5
546 18
547 31
548 19
549 13
550 32
551 10
552 24
553 28
554 8
555 25
556 11
557 9
558 2
559 22
560 16
561 20
562 4
563 6
564 1
565 29
566 30
567 23
568 35
569 15
570 33
571 27
572 7
573 12
574 18
575 26
576 5
577 34
578 17
579 10
580 14
581 8
582 3
583 13
584 32
585 19
586 21
587 20
588 22
589 28
590 25
591 24
592 1
593 11
594 23
595 6
596 2
597 9
598 15
599 7
600 31
601 4
602 29
603 18
604 17
605 10
606 14
607 30
608 16
609 5
610 13
611 35
612 21
613 33
614 34
615 28
616 20
617 12
618 27
619 3
620 1
621 8
622 11
623 22
624 32
625 26
626 19
627 15
628 31
629 4
630 25
631 29
632 7
633 30
634 17
635 14
636 23
637 13
638 9
639 6
640 5
641 21
642 28
643 24
644 2
645 10
646 20
647 1
648 11
649 8
650 18
651 26
652 3
653 22
654 31
655 32
656 19
657 4
658 16
659 7
660 34
661 14
662 25
663 30
664 29
665 33
666 12
667 23
668 13
669 15
670 5
671 6
672 27
673 21
674 1
675 11
676 20
677 8
678 3
679 18
680 28
681 17
682 26
683 9
684 4
685 32
686 22
687 10
688 31
689 14
690 24
691 35
692 2
693 12
694 25
695 19
696 13
697 7
698 33
699 15
700 27
701 29
702 5
703 1
704 20
705 16
706 30
707 28
708 6
709 17
710 3
711 18
712 9
713 34
714 31
715 23
716 11
717 26
718 21
719 22
720 32
721 4
722 8
723 7
724 25
725 35
726 24
727 2
728 19
729 10
730 13
731 27
732 16
733 30
734 33
735 17
736 28
737 3
738 9
739 14
740 6
741 1
742 5
743 12
744 15
745 29
746 18
747 26
748 11
749 7
750 20
751 34
752 24
753 2
754 19
755 32
756 25
757 22
758 36
759 30
760 23
761 8
762 16
763 13
764 4
765 3
766 17
767 21
768 31
769 9
770 28
771 15
772 5
773 10
774 12
775 7
776 35
777 27
778 33
779 14
780 19
781 6
782 1
783 29
784 2
785 20
786 25
787 8
788 24
789 16
790 30
791 26
792 32
793 18
794 22
795 17
796 11
797 13
798 23
799 28
800 10
801 12
802 4
803 7
804 3
805 14
806 31
807 5
808 1
809 9
810 21
811 15
812 25
813 27
814 6
815 20
816 16
817 19
818 29
819 32
820 22
821 26
822 11
823 30
824 34
825 8
826 18
827 12
828 13
829 4
830 24
831 2
832 17
833 33
834 7
835 9
836 10
837 5
838 15
839 28
840 23
841 6
842 16
843 27
844 14
845 19
846 22
847 29
848 31
849 21
850 11
851 25
852 3
853 1
854 18
855 34
856 13
857 4
858 12
859 17
860 20
861 24
862 26
863 5
864 30
865 33
866 2
867 8
868 10
869 15
870 6
871 7
872 35
873 14
874 29
875 21
876 32
877 9
878 3
879 19
880 18
881 37
882 27
883 13
884 4
885 25
886 22
887 23
888 31
889 12
890 28
891 36
892 16
893 24
894 10
895 2
896 34
897 33
898 8
899 11
900 1
901 14
902 5
903 17
904 20
905 26
906 29
907 18
908 32
909 13
910 9
911 15
912 35
913 30
914 6
915 4
916 12
917 19
918 36
919 25
920 27
921 3
922 7
923 37
924 34
925 2
926 11
927 21
928 28
929 24
930 22
931 5
932 16
933 31
934 23
935 18
936 32
937 17
938 13
939 10
940 15
941 26
942 8
943 9
944 29
945 6
946 33
947 20
948 1
949 3
950 27
951 14
952 25
953 4
954 2
955 30
956 19
957 5
958 7
959 31
960 11
961 18
962 16
963 12
964 24
965 32
966 28
967 10
968 21
969 13
970 26
971 35
972 9
973 6
974 1
975 3
976 22
977 29
978 14
979 4
980 8
981 25
982 30
983 2
984 34
985 23
986 15
987 31
988 17
989 12
990 18
991 27
992 20
993 24
994 33
995 19
996 11
997 10
998 13
999 32
