600 97 107820 60.0 475 297
0 12
1 15
2 33
3 38
4 16
5 25
6 18
7 24
8 17
9 31
10 6
11 8
12 26
13 31
14 6
15 19
16 23
17 37
18 16
19 9
20 30
21 22
22 9
23 8
24 3
25 11
26 25
27 9
28 4
29 13
30 1
31 34
32 32
33 4
34 39
35 21
36 12
37 28
38 8
39 14
40 21
41 16
42 2
43 17
44 20
45 1
46 35
47 10
48 19
49 1
50 5
51 14
52 6
53 4
54 13
55 7
56 26
57 2
58 28
59 20
60 21
61 17
62 27
63 2
64 17
65 32
66 10
67 21
68 34
69 20
70 22
71 1
72 22
73 28
74 10
75 5
76 14
77 3
78 15
79 5
80 30
81 9
82 15
83 7
84 28
85 29
86 2
87 19
88 26
89 32
90 13
91 33
92 36
93 3
94 7
95 29
96 25
97 18
98 8
99 35
100 30
101 19
102 28
103 18
104 24
105 36
106 24
107 5
108 31
109 17
110 3
111 27
112 35
113 27
114 11
115 19
116 16
117 11
118 11
119 16
120 24
121 23
122 39
123 29
124 23
125 25
126 14
127 26
128 12
129 23
130 4
131 34
132 11
133 22
134 51
135 47
136 62
137 71
138 75
139 53
140 4
141 52
142 29
143 47
144 89
145 35
146 72
147 38
148 92
149 58
150 57
151 79
152 80
153 75
154 64
155 93
156 57
157 82
158 89
159 41
160 85
161 27
162 80
163 68
164 42
165 65
166 14
167 43
168 51
169 66
170 75
171 60
172 53
173 77
174 48
175 82
176 86
177 37
178 66
179 91
180 40
181 83
182 56
183 31
184 65
185 66
186 68
187 73
188 37
189 81
190 76
191 18
192 79
193 55
194 45
195 62
196 44
197 44
198 73
199 86
200 49
201 50
202 52
203 15
204 37
205 36
206 48
207 57
208 70
209 69
210 59
211 52
212 49
213 52
214 81
215 29
216 85
217 60
218 86
219 92
220 82
221 72
222 45
223 33
224 89
225 89
226 38
227 61
228 56
229 42
230 75
231 73
232 44
233 58
234 36
235 69
236 15
237 61
238 65
239 77
240 84
241 44
242 41
243 47
244 90
245 91
246 85
247 52
248 62
249 85
250 72
251 30
252 65
253 89
254 55
255 53
256 12
257 81
258 36
259 66
260 74
261 7
262 68
263 48
264 71
265 45
266 6
267 69
268 88
269 90
270 43
271 65
272 63
273 34
274 82
275 32
276 54
277 72
278 33
279 91
280 52
281 7
282 83
283 81
284 47
285 59
286 73
287 59
288 63
289 97
290 95
291 48
292 80
293 62
294 46
295 72
296 42
297 54
298 58
299 54
300 59
301 32
302 85
303 83
304 72
305 77
306 82
307 62
308 79
309 33
310 66
311 61
312 88
313 10
314 63
315 45
316 44
317 64
318 44
319 65
320 84
321 61
322 46
323 50
324 69
325 91
326 39
327 57
328 41
329 80
330 58
331 63
332 80
333 6
334 61
335 62
336 46
337 78
338 78
339 68
340 67
341 65
342 82
343 71
344 75
345 52
346 49
347 13
348 37
349 53
350 59
351 85
352 20
353 66
354 87
355 68
356 83
357 48
358 49
359 78
360 75
361 87
362 36
363 46
364 58
365 78
366 48
367 40
368 87
369 67
370 45
371 41
372 74
373 87
374 37
375 47
376 50
377 66
378 59
379 60
380 45
381 3
382 85
383 34
384 67
385 24
386 74
387 51
388 57
389 56
390 57
391 80
392 64
393 42
394 64
395 62
396 5
397 70
398 83
399 38
400 46
401 88
402 39
403 41
404 64
405 47
406 60
407 46
408 34
409 43
410 79
411 30
412 68
413 41
414 84
415 27
416 74
417 3
418 89
419 70
420 46
421 77
422 10
423 38
424 63
425 51
426 69
427 50
428 31
429 74
430 86
431 79
432 9
433 74
434 59
435 81
436 86
437 94
438 59
439 40
440 65
441 57
442 90
443 41
444 94
445 29
446 60
447 55
448 30
449 73
450 54
451 71
452 43
453 37
454 45
455 40
456 74
457 46
458 76
459 20
460 44
461 64
462 69
463 70
464 67
465 94
466 36
467 60
468 54
469 49
470 27
471 60
472 38
473 93
474 76
475 47
476 86
477 91
478 54
479 70
480 55
481 71
482 51
483 53
484 73
485 60
486 42
487 69
488 95
489 56
490 63
491 44
492 74
493 46
494 65
495 71
496 39
497 96
498 86
499 53
500 85
501 58
502 78
503 33
504 1
505 55
506 41
507 43
508 72
509 76
510 35
511 24
512 42
513 49
514 56
515 67
516 56
517 32
518 76
519 90
520 73
521 61
522 56
523 68
524 50
525 77
526 43
527 67
528 86
529 38
530 50
531 36
532 92
533 51
534 39
535 38
536 6
537 40
538 83
539 78
540 54
541 84
542 49
543 77
544 63
545 84
546 41
547 67
548 79
549 69
550 48
551 93
552 32
553 42
554 53
555 66
556 75
557 55
558 50
559 63
560 76
561 81
562 70
563 48
564 64
565 88
566 71
567 12
568 53
569 58
570 7
571 43
572 43
573 13
574 50
575 77
576 38
577 48
578 50
579 92
580 52
581 70
582 62
583 93
584 64
585 54
586 40
587 35
588 83
589 76
590 84
591 87
592 51
593 21
594 60
595 18
596 30
597 24
598 71
599 53
