600 198 161730 90.0 576 506
0 17
1 2
2 25
3 33
4 41
5 26
6 19
7 48
8 3
9 37
10 21
11 18
12 57
13 44
14 1
15 32
16 2
17 17
18 10
19 59
20 8
21 62
22 61
23 14
24 57
25 38
26 9
27 50
28 48
29 5
30 25
31 66
32 30
33 56
34 24
35 34
36 35
37 16
38 7
39 55
40 51
41 15
42 60
43 23
44 10
45 29
46 35
47 6
48 27
49 59
50 63
51 47
52 54
53 58
54 31
55 24
56 11
57 68
58 53
59 13
60 46
61 32
62 13
63 61
64 45
65 11
66 12
67 31
68 9
69 12
70 58
71 39
72 15
73 39
74 28
75 19
76 8
77 43
78 49
79 21
80 52
81 19
82 40
83 41
84 24
85 3
86 38
87 22
88 20
89 34
90 5
91 40
92 54
93 16
94 15
95 64
96 67
97 17
98 29
99 45
100 55
101 4
102 30
103 18
104 31
105 37
106 50
107 21
108 7
109 41
110 14
111 28
112 52
113 53
114 66
115 43
116 27
117 47
118 12
119 44
120 1
121 4
122 42
123 33
124 26
125 36
126 51
127 52
128 42
129 36
130 6
131 23
132 22
133 56
134 29
135 49
136 20
137 76
138 114
139 42
140 184
141 128
142 170
143 189
144 174
145 98
146 75
147 105
148 78
149 90
150 193
151 156
152 172
153 124
154 161
155 73
156 165
157 26
158 83
159 34
160 144
161 116
162 182
163 66
164 95
165 95
166 143
167 157
168 188
169 164
170 13
171 63
172 142
173 153
174 150
175 5
176 94
177 70
178 134
179 81
180 149
181 182
182 30
183 187
184 84
185 130
186 89
187 94
188 173
189 82
190 91
191 191
192 126
193 75
194 150
195 127
196 77
197 176
198 64
199 76
200 169
201 60
202 97
203 129
204 36
205 133
206 154
207 104
208 141
209 84
210 113
211 104
212 44
213 89
214 132
215 185
216 151
217 131
218 69
219 183
220 136
221 198
222 141
223 168
224 152
225 142
226 180
227 85
228 118
229 183
230 138
231 86
232 162
233 37
234 44
235 112
236 179
237 97
238 101
239 104
240 145
241 96
242 16
243 121
244 77
245 81
246 179
247 6
248 91
249 139
250 71
251 69
252 131
253 163
254 45
255 191
256 116
257 178
258 33
259 73
260 120
261 83
262 124
263 92
264 88
265 120
266 89
267 135
268 112
269 197
270 113
271 111
272 53
273 181
274 69
275 108
276 182
277 96
278 124
279 147
280 154
281 166
282 101
283 10
284 71
285 161
286 100
287 106
288 103
289 127
290 85
291 139
292 170
293 186
294 136
295 108
296 119
297 136
298 155
299 25
300 64
301 187
302 172
303 109
304 101
305 149
306 82
307 62
308 79
309 158
310 108
311 173
312 132
313 59
314 90
315 72
316 177
317 117
318 145
319 20
320 87
321 150
322 153
323 50
324 127
325 160
326 146
327 90
328 49
329 72
330 122
331 164
332 58
333 56
334 99
335 104
336 126
337 151
338 129
339 98
340 135
341 159
342 34
343 128
344 58
345 76
346 22
347 117
348 86
349 100
350 141
351 72
352 147
353 146
354 98
355 138
356 110
357 158
358 120
359 96
360 96
361 69
362 78
363 142
364 146
365 196
366 195
367 168
368 115
369 119
370 35
371 55
372 125
373 175
374 194
375 184
376 180
377 81
378 158
379 63
380 80
381 71
382 164
383 89
384 3
385 195
386 117
387 46
388 123
389 157
390 82
391 67
392 190
393 79
394 74
395 95
396 154
397 116
398 65
399 122
400 93
401 155
402 156
403 105
404 111
405 107
406 77
407 134
408 132
409 57
410 118
411 138
412 76
413 71
414 165
415 83
416 40
417 38
418 171
419 157
420 115
421 156
422 38
423 121
424 88
425 121
426 174
427 88
428 73
429 167
430 87
431 8
432 166
433 149
434 114
435 145
436 190
437 65
438 9
439 108
440 101
441 148
442 51
443 102
444 161
445 87
446 159
447 137
448 167
449 87
450 14
451 74
452 103
453 100
454 188
455 152
456 112
457 125
458 167
459 130
460 161
461 100
462 82
463 192
464 129
465 85
466 120
467 169
468 32
469 181
470 187
471 114
472 114
473 123
474 103
475 91
476 169
477 160
478 178
479 7
480 133
481 99
482 147
483 155
484 113
485 93
486 80
487 131
488 105
489 146
490 174
491 122
492 137
493 162
494 151
495 92
496 136
497 91
498 78
499 39
500 70
501 185
502 80
503 122
504 138
505 46
506 75
507 162
508 148
509 133
510 176
511 99
512 139
513 110
514 160
515 128
516 109
517 56
518 79
519 194
520 148
521 186
522 92
523 147
524 94
525 190
526 175
527 103
528 177
529 81
530 126
531 102
532 169
533 60
534 143
535 118
536 61
537 153
538 173
539 106
540 77
541 130
542 189
543 72
544 140
545 127
546 28
547 86
548 153
549 62
550 111
551 102
552 123
553 137
554 7
555 168
556 143
557 119
558 171
559 152
560 110
561 121
562 107
563 86
564 115
565 97
566 85
567 144
568 68
569 163
570 159
571 107
572 70
573 140
574 135
575 196
576 99
577 160
578 158
579 106
580 112
581 134
582 18
583 105
584 165
585 102
586 115
587 144
588 184
589 65
590 78
591 171
592 179
593 163
594 84
595 2
596 177
597 109
598 74
599 125
