600 50 71880 40.0 330 139
0 42
1 46
2 8
3 40
4 35
5 35
6 5
7 16
8 15
9 14
10 3
11 34
12 15
13 49
14 3
15 11
16 22
17 35
18 4
19 48
20 6
21 25
22 39
23 36
24 8
25 28
26 39
27 5
28 36
29 38
30 23
31 24
32 11
33 23
34 34
35 3
36 33
37 18
38 1
39 26
40 10
41 24
42 9
43 12
44 26
45 34
46 7
47 27
48 10
49 7
50 10
51 47
52 30
53 5
54 40
55 35
56 5
57 15
58 12
59 36
60 29
61 29
62 12
63 4
64 17
65 21
66 2
67 9
68 13
69 34
70 1
71 47
72 9
73 29
74 14
75 11
76 8
77 20
78 9
79 3
80 2
81 45
82 25
83 17
84 41
85 2
86 7
87 21
88 10
89 12
90 18
91 9
92 43
93 7
94 13
95 8
96 42
97 1
98 25
99 12
100 38
101 41
102 33
103 4
104 1
105 23
106 31
107 22
108 44
109 21
110 8
111 2
112 24
113 39
114 10
115 17
116 37
117 43
118 1
119 2
120 35
121 19
122 16
123 3
124 9
125 13
126 29
127 40
128 14
129 48
130 31
131 32
132 18
133 16
134 32
135 37
136 19
137 30
138 21
139 17
140 47
141 36
142 2
143 4
144 30
145 22
146 37
147 21
148 3
149 38
150 14
151 7
152 38
153 24
154 44
155 2
156 42
157 28
158 3
159 4
160 13
161 18
162 30
163 41
164 27
165 25
166 19
167 45
168 47
169 1
170 44
171 10
172 41
173 33
174 20
175 15
176 7
177 42
178 40
179 30
180 28
181 27
182 22
183 6
184 29
185 9
186 18
187 21
188 4
189 26
190 5
191 20
192 12
193 1
194 12
195 32
196 37
197 43
198 16
199 11
200 24
201 37
202 12
203 18
204 15
205 14
206 25
207 30
208 32
209 24
210 32
211 21
212 16
213 29
214 39
215 28
216 15
217 28
218 31
219 32
220 19
221 24
222 1
223 10
224 33
225 22
226 19
227 3
228 6
229 18
230 16
231 42
232 8
233 17
234 22
235 20
236 39
237 14
238 40
239 32
240 31
241 7
242 11
243 17
244 27
245 28
246 17
247 2
248 31
249 19
250 17
251 22
252 43
253 27
254 26
255 8
256 42
257 4
258 16
259 9
260 6
261 23
262 33
263 45
264 28
265 34
266 37
267 37
268 11
269 18
270 21
271 17
272 19
273 6
274 36
275 27
276 21
277 19
278 27
279 23
280 34
281 43
282 6
283 14
284 5
285 13
286 28
287 4
288 23
289 16
290 46
291 5
292 40
293 20
294 36
295 46
296 26
297 40
298 11
299 5
300 31
301 41
302 44
303 33
304 27
305 38
306 44
307 1
308 30
309 6
310 31
311 14
312 41
313 4
314 2
315 17
316 15
317 38
318 48
319 26
320 33
321 20
322 20
323 13
324 7
325 10
326 39
327 25
328 8
329 6
330 15
331 11
332 34
333 35
334 45
335 46
336 44
337 49
338 49
339 50
340 50
341 49
342 50
343 49
344 40
345 47
346 41
347 24
348 24
349 13
350 49
351 50
352 48
353 23
354 41
355 18
356 26
357 49
358 49
359 42
360 8
361 49
362 47
363 50
364 45
365 49
366 39
367 44
368 49
369 48
370 20
371 39
372 43
373 48
374 6
375 49
376 34
377 50
378 45
379 20
380 46
381 20
382 45
383 48
384 44
385 42
386 48
387 46
388 50
389 12
390 45
391 49
392 35
393 43
394 50
395 50
396 7
397 22
398 49
399 49
400 49
401 49
402 50
403 47
404 16
405 47
406 50
407 25
408 50
409 50
410 50
411 46
412 50
413 49
414 44
415 29
416 50
417 48
418 49
419 45
420 13
421 49
422 20
423 50
424 32
425 47
426 30
427 42
428 25
429 26
430 29
431 48
432 50
433 45
434 46
435 46
436 49
437 49
438 26
439 46
440 48
441 46
442 41
443 44
444 49
445 36
446 50
447 36
448 46
449 39
450 49
451 49
452 30
453 49
454 50
455 36
456 49
457 47
458 47
459 47
460 49
461 44
462 11
463 20
464 46
465 47
466 49
467 45
468 47
469 50
470 47
471 45
472 25
473 23
474 48
475 49
476 49
477 41
478 35
479 50
480 25
481 50
482 49
483 23
484 49
485 29
486 46
487 45
488 48
489 45
490 27
491 49
492 43
493 50
494 46
495 50
496 50
497 43
498 49
499 46
500 9
501 50
502 49
503 46
504 35
505 46
506 50
507 46
508 50
509 20
510 36
511 50
512 49
513 50
514 50
515 49
516 26
517 40
518 35
519 50
520 46
521 32
522 42
523 49
524 50
525 45
526 38
527 37
528 48
529 50
530 45
531 45
532 38
533 46
534 48
535 50
536 47
537 47
538 50
539 27
540 44
541 49
542 50
543 49
544 50
545 46
546 18
547 45
548 49
549 36
550 46
551 50
552 46
553 45
554 10
555 1
556 48
557 49
558 34
559 12
560 40
561 20
562 46
563 50
564 49
565 22
566 46
567 49
568 46
569 46
570 29
571 50
572 44
573 38
574 50
575 49
576 35
577 43
578 34
579 50
580 32
581 49
582 49
583 49
584 46
585 29
586 45
587 42
588 41
589 45
590 47
591 23
592 50
593 50
594 31
595 50
596 46
597 46
598 38
599 45
